mode: set
github.com/mykytaserdiuk/fluxo/example/args.go:13.17,17.55 2 0
github.com/mykytaserdiuk/fluxo/example/args.go:17.55,19.3 1 0
github.com/mykytaserdiuk/fluxo/example/args.go:20.2,20.16 1 0
github.com/mykytaserdiuk/fluxo/example/args.go:20.16,22.3 1 0
github.com/mykytaserdiuk/fluxo/example/args.go:24.2,24.43 1 0
github.com/mykytaserdiuk/fluxo/example/args.go:24.43,26.3 1 0
github.com/mykytaserdiuk/fluxo/example/args.go:27.2,27.16 1 0
github.com/mykytaserdiuk/fluxo/example/args.go:27.16,29.3 1 0
github.com/mykytaserdiuk/fluxo/example/args.go:32.2,32.64 1 0
github.com/mykytaserdiuk/fluxo/example/args.go:32.64,34.3 1 0
github.com/mykytaserdiuk/fluxo/example/args.go:35.2,35.16 1 0
github.com/mykytaserdiuk/fluxo/example/args.go:35.16,37.3 1 0
github.com/mykytaserdiuk/fluxo/example/args.go:39.2,39.33 1 0
github.com/mykytaserdiuk/fluxo/example/once.go:14.17,18.46 3 0
github.com/mykytaserdiuk/fluxo/example/once.go:18.46,20.3 1 0
github.com/mykytaserdiuk/fluxo/example/once.go:21.2,21.42 1 0
github.com/mykytaserdiuk/fluxo/example/once.go:21.42,23.3 1 0
github.com/mykytaserdiuk/fluxo/example/once.go:24.2,25.21 2 0
github.com/mykytaserdiuk/fluxo/example/unsub.go:13.13,15.31 2 0
github.com/mykytaserdiuk/fluxo/example/unsub.go:15.31,17.3 1 0
github.com/mykytaserdiuk/fluxo/example/unsub.go:19.2,20.16 2 0
github.com/mykytaserdiuk/fluxo/example/unsub.go:20.16,22.3 1 0
github.com/mykytaserdiuk/fluxo/example/unsub.go:24.2,31.53 5 0
github.com/mykytaserdiuk/fluxo/example/unsub.go:31.54,31.55 0 0
github.com/mykytaserdiuk/fluxo/example/unsub.go:32.2,32.16 1 0
github.com/mykytaserdiuk/fluxo/example/unsub.go:32.16,34.3 1 0
github.com/mykytaserdiuk/fluxo/bus.go:37.24,42.2 1 1
github.com/mykytaserdiuk/fluxo/bus.go:44.74,45.48 1 1
github.com/mykytaserdiuk/fluxo/bus.go:45.48,47.3 1 1
github.com/mykytaserdiuk/fluxo/bus.go:48.2,52.12 4 1
github.com/mykytaserdiuk/fluxo/bus.go:55.62,57.25 2 1
github.com/mykytaserdiuk/fluxo/bus.go:57.25,59.3 1 1
github.com/mykytaserdiuk/fluxo/bus.go:61.2,61.15 1 1
github.com/mykytaserdiuk/fluxo/bus.go:64.80,68.32 3 1
github.com/mykytaserdiuk/fluxo/bus.go:68.32,70.40 2 1
github.com/mykytaserdiuk/fluxo/bus.go:70.40,72.4 1 1
github.com/mykytaserdiuk/fluxo/bus.go:73.3,73.37 1 1
github.com/mykytaserdiuk/fluxo/bus.go:74.8,74.39 1 1
github.com/mykytaserdiuk/fluxo/bus.go:74.39,76.3 1 1
github.com/mykytaserdiuk/fluxo/bus.go:77.2,77.13 1 1
github.com/mykytaserdiuk/fluxo/bus.go:80.59,83.2 2 1
github.com/mykytaserdiuk/fluxo/bus.go:85.56,87.2 1 1
github.com/mykytaserdiuk/fluxo/bus.go:89.49,90.46 1 1
github.com/mykytaserdiuk/fluxo/bus.go:90.46,92.3 1 1
github.com/mykytaserdiuk/fluxo/bus.go:94.2,99.42 5 1
github.com/mykytaserdiuk/fluxo/bus.go:99.42,103.16 3 1
github.com/mykytaserdiuk/fluxo/bus.go:103.16,107.4 3 1
github.com/mykytaserdiuk/fluxo/bus.go:111.55,116.2 1 1
github.com/mykytaserdiuk/fluxo/bus.go:118.57,120.24 2 0
github.com/mykytaserdiuk/fluxo/bus.go:120.24,122.3 1 0
github.com/mykytaserdiuk/fluxo/bus.go:123.2,123.29 1 0
github.com/mykytaserdiuk/fluxo/bus.go:123.29,126.42 2 0
github.com/mykytaserdiuk/fluxo/bus.go:126.42,128.4 1 0
github.com/mykytaserdiuk/fluxo/bus.go:131.2,131.12 1 0
github.com/mykytaserdiuk/fluxo/bus.go:134.59,139.2 1 1
github.com/mykytaserdiuk/fluxo/bus.go:141.48,143.24 2 0
github.com/mykytaserdiuk/fluxo/bus.go:143.24,145.3 1 0
github.com/mykytaserdiuk/fluxo/bus.go:146.2,150.12 4 0
